<?xml version="1.0" encoding="UTF-8"?>
<!-- Generated by org.testng.reporters.JUnitXMLReporter -->
<testsuite ignored="0" hostname="LAPTOP-HJTMS2OB" failures="1" tests="1" name="Cucumber Tests" time="1.207" errors="0" timestamp="2025-09-15T22:08:40 IST">
  <testcase classname="io.cucumber.testng.AbstractTestNGCucumberTests" name="runScenario" time="0.147">
    <failure type="java.lang.NullPointerException" message="Cannot invoke &amp;quot;org.openqa.selenium.remote.RemoteWebDriver.get(String)&amp;quot; because the return value of &amp;quot;com.Driver.DriverFactory.getDriver()&amp;quot; is null">
      <![CDATA[java.lang.NullPointerException: Cannot invoke "org.openqa.selenium.remote.RemoteWebDriver.get(String)" because the return value of "com.Driver.DriverFactory.getDriver()" is null
at setup.Keywords.openUrl(Keywords.java:50)
at stepDefinitions.BusPageSteps.user_opens_browser_and_launch_application_url_bus(BusPageSteps.java:18)
at ✽.the user is on the Goibibo Bus booking page(file:///C:/Users/HEMANT/eclipse-workspace/FrameworkGoibibo/src/test/resources/features/bus.feature:23)
]]>
    </failure>
  </testcase> <!-- runScenario -->
</testsuite> <!-- Cucumber Tests -->
